Using TensorFlow backend.
INFO:model:Starting cross validation at 2017-09-15 10:10:37.032524
DEBUG:features.data_generator:Dataset balance
DEBUG:features.data_generator:0 51.1435373904
DEBUG:features.data_generator:1 48.8564626096
[Parallel(n_jobs=-1)]: Done   6 out of  10 | elapsed: 89.0min remaining: 59.3min
[Parallel(n_jobs=-1)]: Done  10 out of  10 | elapsed: 150.4min finished
INFO:model:_________________________________________________________________
INFO:model:Layer (type)                 Output Shape              Param #   
INFO:model:=================================================================
INFO:model:dense_1 (Dense)              (None, 9)                 90        
INFO:model:_________________________________________________________________
INFO:model:dense_2 (Dense)              (None, 128)               1280      
INFO:model:_________________________________________________________________
INFO:model:dense_3 (Dense)              (None, 64)                8256      
INFO:model:_________________________________________________________________
INFO:model:dense_4 (Dense)              (None, 1)                 65        
INFO:model:=================================================================
INFO:model:Total params: 9,691
INFO:model:Trainable params: 9,691
INFO:model:Non-trainable params: 0
INFO:model:_________________________________________________________________
INFO:model:fit_time: 4921.10s (646.09)s
INFO:model:score_time: 8.62s (1.48)s
INFO:model:test_f1: 88.41% (0.45%)
INFO:model:test_precision: 90.86% (1.06%)
INFO:model:test_recall: 86.11% (1.26%)
INFO:model:test_roc_auc: 96.46% (0.16%)
INFO:model:train_f1: 88.59% (0.22%)
INFO:model:train_precision: 91.03% (0.97%)
INFO:model:train_recall: 86.31% (1.20%)
INFO:model:train_roc_auc: 96.55% (0.07%)
INFO:model:model saved to model_architecture.json
INFO:model:model weights saved to model_weights.h5
INFO:model:network diagram plotted to model.png
INFO:model:Cross Validation Ended. Elapsed time: 2:30:26.794727
INFO:model:Comparing Datasets:
INFO:model:
INFO:model:legit-dga dataset + suppobox
INFO:model:Neural Network
/usr/local/lib/python2.7/dist-packages/sklearn/metrics/classification.py:1135: UndefinedMetricWarning: Precision and F-score are ill-defined and being set to 0.0 in labels with no predicted samples.
  'precision', 'predicted', average, warn_for)
INFO:model:
             precision    recall  f1-score   support

        DGA       0.00      0.00      0.00     25434
      Legit       0.49      1.00      0.66     24464

avg / total       0.24      0.49      0.32     49898

INFO:model:Random Forest
INFO:model:
             precision    recall  f1-score   support

        DGA       0.88      0.92      0.90     25434
      Legit       0.91      0.88      0.89     24464

avg / total       0.90      0.90      0.90     49898

INFO:model:
INFO:model:legit-dga dataset
INFO:model:Neural Network
INFO:model:
             precision    recall  f1-score   support

        DGA       0.00      0.00      0.00     15895
      Legit       0.60      1.00      0.75     24283

avg / total       0.37      0.60      0.46     40178

INFO:model:Random Forest
INFO:model:
             precision    recall  f1-score   support

        DGA       0.99      0.99      0.99     15895
      Legit       0.99      0.99      0.99     24283

avg / total       0.99      0.99      0.99     40178

