2017-09-14 18:48:29,691 INFO _________________________________________________________________
2017-09-14 18:48:29,691 INFO Layer (type)                 Output Shape              Param #   
2017-09-14 18:48:29,691 INFO =================================================================
2017-09-14 18:48:29,692 INFO dense_1 (Dense)              (None, 9)                 90        
2017-09-14 18:48:29,692 INFO _________________________________________________________________
2017-09-14 18:48:29,692 INFO dense_2 (Dense)              (None, 128)               1280      
2017-09-14 18:48:29,692 INFO _________________________________________________________________
2017-09-14 18:48:29,693 INFO dense_3 (Dense)              (None, 64)                8256      
2017-09-14 18:48:29,693 INFO _________________________________________________________________
2017-09-14 18:48:29,693 INFO dense_4 (Dense)              (None, 1)                 65        
2017-09-14 18:48:29,693 INFO =================================================================
2017-09-14 18:48:29,694 INFO Total params: 9,691
2017-09-14 18:48:29,694 INFO Trainable params: 9,691
2017-09-14 18:48:29,694 INFO Non-trainable params: 0
2017-09-14 18:48:29,694 INFO _________________________________________________________________
2017-09-14 18:48:29,695 INFO fit_time: 4.70s (0.55)s
2017-09-14 18:48:29,695 INFO score_time: 0.03s (0.01)s
2017-09-14 18:48:29,695 INFO test_f1: 74.15% (17.09%)
2017-09-14 18:48:29,695 INFO test_precision: 85.64% (16.37%)
2017-09-14 18:48:29,695 INFO test_recall: 71.33% (21.92%)
2017-09-14 18:48:29,696 INFO test_roc_auc: 83.17% (12.10%)
2017-09-14 18:48:29,696 INFO train_f1: 97.57% (1.18%)
2017-09-14 18:48:29,696 INFO train_precision: 96.46% (1.34%)
2017-09-14 18:48:29,696 INFO train_recall: 98.71% (1.42%)
2017-09-14 18:48:29,697 INFO train_roc_auc: 99.67% (0.31%)
2017-09-14 18:48:29,698 INFO model saved to model_architecture.json
2017-09-14 18:48:29,726 INFO model weights saved to model_weights.h5
2017-09-14 18:48:29,831 INFO network diagram plotted to model.png
2017-09-14 18:48:29,832 INFO Cross Validation Ended. Elapsed time: 0:00:12.165288
2017-09-14 18:49:23,036 INFO model saved to model_architecture.json
2017-09-14 18:49:23,047 INFO model weights saved to model_weights.h5
2017-09-14 18:49:23,126 INFO network diagram plotted to model.png
