2017-09-15 12:41:03,689 INFO _________________________________________________________________
2017-09-15 12:41:03,689 INFO Layer (type)                 Output Shape              Param #   
2017-09-15 12:41:03,689 INFO =================================================================
2017-09-15 12:41:03,689 INFO dense_1 (Dense)              (None, 9)                 90        
2017-09-15 12:41:03,690 INFO _________________________________________________________________
2017-09-15 12:41:03,690 INFO dense_2 (Dense)              (None, 128)               1280      
2017-09-15 12:41:03,690 INFO _________________________________________________________________
2017-09-15 12:41:03,690 INFO dense_3 (Dense)              (None, 64)                8256      
2017-09-15 12:41:03,690 INFO _________________________________________________________________
2017-09-15 12:41:03,690 INFO dense_4 (Dense)              (None, 1)                 65        
2017-09-15 12:41:03,690 INFO =================================================================
2017-09-15 12:41:03,691 INFO Total params: 9,691
2017-09-15 12:41:03,691 INFO Trainable params: 9,691
2017-09-15 12:41:03,691 INFO Non-trainable params: 0
2017-09-15 12:41:03,691 INFO _________________________________________________________________
2017-09-15 12:41:03,691 INFO fit_time: 4921.10s (646.09)s
2017-09-15 12:41:03,692 INFO score_time: 8.62s (1.48)s
2017-09-15 12:41:03,692 INFO test_f1: 88.41% (0.45%)
2017-09-15 12:41:03,692 INFO test_precision: 90.86% (1.06%)
2017-09-15 12:41:03,692 INFO test_recall: 86.11% (1.26%)
2017-09-15 12:41:03,693 INFO test_roc_auc: 96.46% (0.16%)
2017-09-15 12:41:03,693 INFO train_f1: 88.59% (0.22%)
2017-09-15 12:41:03,693 INFO train_precision: 91.03% (0.97%)
2017-09-15 12:41:03,693 INFO train_recall: 86.31% (1.20%)
2017-09-15 12:41:03,693 INFO train_roc_auc: 96.55% (0.07%)
2017-09-15 12:41:03,695 INFO model saved to model_architecture.json
2017-09-15 12:41:03,736 INFO model weights saved to model_weights.h5
2017-09-15 12:41:03,826 INFO network diagram plotted to model.png
2017-09-15 12:41:03,827 INFO Cross Validation Ended. Elapsed time: 2:30:26.794727
2017-09-15 12:41:03,830 INFO Comparing Datasets:
2017-09-15 12:41:05,634 INFO 
2017-09-15 12:41:05,634 INFO legit-dga dataset + suppobox
2017-09-15 12:41:05,634 INFO Neural Network
2017-09-15 12:41:06,608 INFO 
             precision    recall  f1-score   support

        DGA       0.00      0.00      0.00     25434
      Legit       0.49      1.00      0.66     24464

avg / total       0.24      0.49      0.32     49898

2017-09-15 12:41:06,608 INFO Random Forest
2017-09-15 12:41:11,410 INFO 
             precision    recall  f1-score   support

        DGA       0.88      0.92      0.90     25434
      Legit       0.91      0.88      0.89     24464

avg / total       0.90      0.90      0.90     49898

2017-09-15 12:41:11,442 INFO 
2017-09-15 12:41:11,442 INFO legit-dga dataset
2017-09-15 12:41:11,443 INFO Neural Network
2017-09-15 12:41:12,252 INFO 
             precision    recall  f1-score   support

        DGA       0.00      0.00      0.00     15895
      Legit       0.60      1.00      0.75     24283

avg / total       0.37      0.60      0.46     40178

2017-09-15 12:41:12,252 INFO Random Forest
2017-09-15 12:41:15,552 INFO 
             precision    recall  f1-score   support

        DGA       0.99      0.99      0.99     15895
      Legit       0.99      0.99      0.99     24283

avg / total       0.99      0.99      0.99     40178

2017-09-15 15:34:14,055 INFO fit_time: 4921.10s (646.09)s
2017-09-15 15:34:14,056 INFO score_time: 8.62s (1.48)s
2017-09-15 15:34:14,056 INFO test_f1: 88.41% (0.45%)
2017-09-15 15:34:14,057 INFO test_precision: 90.86% (1.06%)
2017-09-15 15:34:14,057 INFO test_recall: 86.11% (1.26%)
2017-09-15 15:34:14,057 INFO test_roc_auc: 96.46% (0.16%)
2017-09-15 15:34:14,057 INFO train_f1: 88.59% (0.22%)
2017-09-15 15:34:14,057 INFO train_precision: 91.03% (0.97%)
2017-09-15 15:34:14,058 INFO train_recall: 86.31% (1.20%)
2017-09-15 15:34:14,058 INFO train_roc_auc: 96.55% (0.07%)
2017-09-15 15:40:04,762 INFO fit_time: 4921.10s (646.09)s
2017-09-15 15:40:04,763 INFO score_time: 8.62s (1.48)s
2017-09-15 15:40:04,763 INFO test_f1: 88.41% (0.45%)
2017-09-15 15:40:04,763 INFO test_precision: 90.86% (1.06%)
2017-09-15 15:40:04,763 INFO test_recall: 86.11% (1.26%)
2017-09-15 15:40:04,764 INFO test_roc_auc: 96.46% (0.16%)
2017-09-15 15:40:04,764 INFO train_f1: 88.59% (0.22%)
2017-09-15 15:40:04,767 INFO train_precision: 91.03% (0.97%)
2017-09-15 15:40:04,767 INFO train_recall: 86.31% (1.20%)
2017-09-15 15:40:04,767 INFO train_roc_auc: 96.55% (0.07%)
2017-09-15 15:40:28,771 INFO fit_time: 4921.10s (646.09)s
2017-09-15 15:40:28,772 INFO score_time: 8.62s (1.48)s
2017-09-15 15:40:28,772 INFO test_f1: 88.41% (0.45%)
2017-09-15 15:40:28,772 INFO test_precision: 90.86% (1.06%)
2017-09-15 15:40:28,772 INFO test_recall: 86.11% (1.26%)
2017-09-15 15:40:28,772 INFO test_roc_auc: 96.46% (0.16%)
2017-09-15 15:40:28,772 INFO train_f1: 88.59% (0.22%)
2017-09-15 15:40:28,772 INFO train_precision: 91.03% (0.97%)
2017-09-15 15:40:28,773 INFO train_recall: 86.31% (1.20%)
2017-09-15 15:40:28,773 INFO train_roc_auc: 96.55% (0.07%)
2017-09-15 15:40:58,560 INFO fit_time: 4921.10s (646.09)s
2017-09-15 15:40:58,560 INFO score_time: 8.62s (1.48)s
2017-09-15 15:40:58,561 INFO test_f1: 88.41% (0.45%)
2017-09-15 15:40:58,561 INFO test_precision: 90.86% (1.06%)
2017-09-15 15:40:58,561 INFO test_recall: 86.11% (1.26%)
2017-09-15 15:40:58,561 INFO test_roc_auc: 96.46% (0.16%)
2017-09-15 15:40:58,561 INFO train_f1: 88.59% (0.22%)
2017-09-15 15:40:58,562 INFO train_precision: 91.03% (0.97%)
2017-09-15 15:40:58,562 INFO train_recall: 86.31% (1.20%)
2017-09-15 15:40:58,562 INFO train_roc_auc: 96.55% (0.07%)
2017-09-15 15:41:26,623 INFO fit_time: 4921.10s (646.09)s
2017-09-15 15:41:26,624 INFO score_time: 8.62s (1.48)s
2017-09-15 15:41:26,624 INFO test_f1: 88.41% (0.45%)
2017-09-15 15:41:26,624 INFO test_precision: 90.86% (1.06%)
2017-09-15 15:41:26,624 INFO test_recall: 86.11% (1.26%)
2017-09-15 15:41:26,624 INFO test_roc_auc: 96.46% (0.16%)
2017-09-15 15:41:26,625 INFO train_f1: 88.59% (0.22%)
2017-09-15 15:41:26,625 INFO train_precision: 91.03% (0.97%)
2017-09-15 15:41:26,625 INFO train_recall: 86.31% (1.20%)
2017-09-15 15:41:26,625 INFO train_roc_auc: 96.55% (0.07%)
2017-09-15 15:48:29,085 INFO fit_time: 4921.10s (646.09)s
2017-09-15 15:48:29,085 INFO score_time: 8.62s (1.48)s
2017-09-15 15:48:29,086 INFO test_f1: 88.41% (0.45%)
2017-09-15 15:48:29,086 INFO test_precision: 90.86% (1.06%)
2017-09-15 15:48:29,086 INFO test_recall: 86.11% (1.26%)
2017-09-15 15:48:29,087 INFO test_roc_auc: 96.46% (0.16%)
2017-09-15 15:48:29,087 INFO train_f1: 88.59% (0.22%)
2017-09-15 15:48:29,087 INFO train_precision: 91.03% (0.97%)
2017-09-15 15:48:29,087 INFO train_recall: 86.31% (1.20%)
2017-09-15 15:48:29,087 INFO train_roc_auc: 96.55% (0.07%)
2017-09-15 15:48:30,444 INFO Neural Network
2017-09-15 15:48:53,381 INFO fit_time: 4921.10s (646.09)s
2017-09-15 15:48:53,382 INFO score_time: 8.62s (1.48)s
2017-09-15 15:48:53,382 INFO test_f1: 88.41% (0.45%)
2017-09-15 15:48:53,382 INFO test_precision: 90.86% (1.06%)
2017-09-15 15:48:53,383 INFO test_recall: 86.11% (1.26%)
2017-09-15 15:48:53,383 INFO test_roc_auc: 96.46% (0.16%)
2017-09-15 15:48:53,383 INFO train_f1: 88.59% (0.22%)
2017-09-15 15:48:53,383 INFO train_precision: 91.03% (0.97%)
2017-09-15 15:48:53,383 INFO train_recall: 86.31% (1.20%)
2017-09-15 15:48:53,383 INFO train_roc_auc: 96.55% (0.07%)
2017-09-15 15:48:54,791 INFO Neural Network
2017-09-15 15:48:57,887 INFO 
             precision    recall  f1-score   support

        DGA       0.54      0.11      0.18     25262
      Legit       0.50      0.90      0.64     24636

avg / total       0.52      0.50      0.41     49898

2017-09-15 15:48:57,887 INFO Random Forest
2017-09-15 15:48:59,024 INFO 
             precision    recall  f1-score   support

        DGA       0.89      0.93      0.91     25262
      Legit       0.92      0.88      0.90     24636

avg / total       0.91      0.90      0.90     49898

2017-09-15 15:49:12,704 INFO fit_time: 4921.10s (646.09)s
2017-09-15 15:49:12,705 INFO score_time: 8.62s (1.48)s
2017-09-15 15:49:12,705 INFO test_f1: 88.41% (0.45%)
2017-09-15 15:49:12,705 INFO test_precision: 90.86% (1.06%)
2017-09-15 15:49:12,705 INFO test_recall: 86.11% (1.26%)
2017-09-15 15:49:12,705 INFO test_roc_auc: 96.46% (0.16%)
2017-09-15 15:49:12,706 INFO train_f1: 88.59% (0.22%)
2017-09-15 15:49:12,706 INFO train_precision: 91.03% (0.97%)
2017-09-15 15:49:12,706 INFO train_recall: 86.31% (1.20%)
2017-09-15 15:49:12,706 INFO train_roc_auc: 96.55% (0.07%)
2017-09-15 15:49:14,077 INFO Neural Network
2017-09-15 15:49:20,668 INFO 
             precision    recall  f1-score   support

        DGA       0.54      0.11      0.18     76545
      Legit       0.49      0.90      0.64     73149

avg / total       0.52      0.50      0.41    149694

2017-09-15 15:49:20,669 INFO Random Forest
2017-09-15 15:49:22,884 INFO 
             precision    recall  f1-score   support

        DGA       0.89      0.93      0.91     76545
      Legit       0.92      0.88      0.90     73149

avg / total       0.91      0.91      0.91    149694

